<?xml version="1.0" encoding="UTF-8"?>
<!-- Generated by org.testng.reporters.JUnitReportReporter -->
<testsuite skipped="0" hostname="LAPTOP-LS49HAC0" name="com.simplilearn.testngselenium.AssertionsDemo" tests="2" failures="0" timestamp="2022-03-17T21:48:08 IST" time="13.579" errors="0">
  <testcase name="titleTest" time="7.226" classname="com.simplilearn.testngselenium.AssertionsDemo"/>
  <system-out/>
  <testcase name="login" time="6.353" classname="com.simplilearn.testngselenium.AssertionsDemo"/>
  <system-out/>
</testsuite> <!-- com.simplilearn.testngselenium.AssertionsDemo -->
