<?xml version="1.0" encoding="UTF-8"?>
<!-- Generated by org.testng.reporters.JUnitReportReporter -->
<testsuite skipped="0" hostname="LAPTOP-LS49HAC0" name="com.simplilearn.testngselenium.SimpleTestNG" tests="2" failures="0" timestamp="2022-03-17T21:48:08 IST" time="0.014" errors="0">
  <testcase name="method1" time="0.012" classname="com.simplilearn.testngselenium.SimpleTestNG"/>
  <system-out/>
  <testcase name="method2" time="0.002" classname="com.simplilearn.testngselenium.SimpleTestNG"/>
  <system-out/>
</testsuite> <!-- com.simplilearn.testngselenium.SimpleTestNG -->
