<?xml version="1.0" encoding="UTF-8"?>
<!-- Generated by org.testng.reporters.JUnitReportReporter -->
<testsuite skipped="0" hostname="LAPTOP-LS49HAC0" name="com.simplilearn.AmazonSearchTest" tests="1" failures="0" timestamp="2022-03-27T21:56:51 IST" time="21.058" errors="0">
  <testcase name="mainTest" time="21.058" classname="com.simplilearn.AmazonSearchTest"/>
  <system-out/>
</testsuite> <!-- com.simplilearn.AmazonSearchTest -->
