<?xml version="1.0" encoding="UTF-8"?>
<!-- Generated by org.testng.reporters.JUnitReportReporter -->
<testsuite skipped="0" hostname="LAPTOP-LS49HAC0" name="com.simplilearn.AmazonRegistrationTest" tests="1" failures="0" timestamp="2022-03-27T22:03:28 IST" time="9.808" errors="0">
  <testcase name="mainTest" time="9.808" classname="com.simplilearn.AmazonRegistrationTest"/>
  <system-out/>
</testsuite> <!-- com.simplilearn.AmazonRegistrationTest -->
