<?xml version="1.0" encoding="UTF-8"?>
<!-- Generated by org.testng.reporters.JUnitReportReporter -->
<testsuite skipped="0" hostname="LAPTOP-LS49HAC0" name="com.simplilearn.FacebookTest" tests="2" failures="0" timestamp="2022-03-19T13:33:07 IST" time="11.696" errors="0">
  <testcase name="launchFB" time="11.420" classname="com.simplilearn.FacebookTest"/>
  <system-out/>
  <testcase name="testTile" time="0.276" classname="com.simplilearn.FacebookTest"/>
  <system-out/>
</testsuite> <!-- com.simplilearn.FacebookTest -->
