<?xml version="1.0" encoding="UTF-8"?>
<!-- Generated by org.testng.reporters.JUnitReportReporter -->
<testsuite skipped="0" hostname="LAPTOP-LS49HAC0" name="com.simplilearn.FacebookTest" tests="2" failures="0" timestamp="2022-03-18T21:44:45 IST" time="8.815" errors="0">
  <testcase name="launchFB" time="8.585" classname="com.simplilearn.FacebookTest"/>
  <system-out/>
  <testcase name="testTile" time="0.230" classname="com.simplilearn.FacebookTest"/>
  <system-out/>
</testsuite> <!-- com.simplilearn.FacebookTest -->
