<?xml version="1.0" encoding="UTF-8"?>
<!-- Generated by org.testng.reporters.JUnitReportReporter -->
<testsuite skipped="0" hostname="LAPTOP-LS49HAC0" name="com.simplilearn.AmazonLoginTest" tests="1" failures="0" timestamp="2022-03-27T20:38:34 IST" time="5.414" errors="0">
  <testcase name="mainTest" time="5.414" classname="com.simplilearn.AmazonLoginTest"/>
  <system-out/>
</testsuite> <!-- com.simplilearn.AmazonLoginTest -->
