<?xml version="1.0" encoding="UTF-8"?>
<!-- Generated by org.testng.reporters.JUnitReportReporter -->
<testsuite skipped="0" hostname="LAPTOP-LS49HAC0" name="com.simplilearn.AmazonAddToCartTest" tests="1" failures="0" timestamp="2022-03-27T20:38:34 IST" time="16.312" errors="0">
  <testcase name="mainTest" time="16.312" classname="com.simplilearn.AmazonAddToCartTest"/>
  <system-out/>
</testsuite> <!-- com.simplilearn.AmazonAddToCartTest -->
