<?xml version="1.0" encoding="UTF-8"?>
<!-- Generated by org.testng.reporters.JUnitReportReporter -->
<testsuite skipped="0" hostname="LAPTOP-LS49HAC0" name="com.simplilearn.testngselenium.TestNG1" tests="1" failures="0" timestamp="2022-03-17T21:48:08 IST" time="0.013" errors="0">
  <testcase name="testTrue" time="0.013" classname="com.simplilearn.testngselenium.TestNG1"/>
  <system-out/>
</testsuite> <!-- com.simplilearn.testngselenium.TestNG1 -->
